d:\git\cuda-samples\voxalize\x64\debug\vc143.pdb
d:\git\cuda-samples\voxalize\x64\debug\vc143.idb
d:\git\cuda-samples\voxalize\x64\debug\obj_loader.obj
d:\git\cuda-samples\voxalize\x64\debug\kernel.cu.obj
d:\git\cuda-samples\x64\debug\voxalize.lib
d:\git\cuda-samples\x64\debug\voxalize.exp
d:\git\cuda-samples\x64\debug\voxalize.exe
d:\git\cuda-samples\voxalize\x64\debug\voxalize.ilk
d:\git\cuda-samples\x64\debug\voxalize.pdb
d:\git\cuda-samples\voxalize\x64\debug\kernel.cu.cache
d:\git\cuda-samples\voxalize\x64\debug\voxalize.tlog\cl.command.1.tlog
d:\git\cuda-samples\voxalize\x64\debug\voxalize.tlog\cl.items.tlog
d:\git\cuda-samples\voxalize\x64\debug\voxalize.tlog\cl.read.1.tlog
d:\git\cuda-samples\voxalize\x64\debug\voxalize.tlog\cl.write.1.tlog
d:\git\cuda-samples\voxalize\x64\debug\voxalize.tlog\cudacompile.read.1u.tlog
d:\git\cuda-samples\voxalize\x64\debug\voxalize.tlog\cudacompile.write.1u.tlog
d:\git\cuda-samples\voxalize\x64\debug\voxalize.tlog\link.command.1.tlog
d:\git\cuda-samples\voxalize\x64\debug\voxalize.tlog\link.read.1.tlog
d:\git\cuda-samples\voxalize\x64\debug\voxalize.tlog\link.write.1.tlog
d:\git\cuda-samples\voxalize\x64\debug\voxalize.tlog\link.write.2u.tlog
