  Compiling CUDA source file commonKernels.cu...
  Compiling CUDA source file matrixMultiplyPerf.cu...
  
  D:\git\cuda-samples\Samples\6_Performance\UnifiedMemoryPerf>"C:\Program Files\NVIDIA GPU Computing Toolkit\CUDA\v12.3\bin\nvcc.exe" -gencode=arch=compute_50,code=\"sm_50,compute_50\" -gencode=arch=compute_52,code=\"sm_52,compute_52\" -gencode=arch=compute_60,code=\"sm_60,compute_60\" -gencode=arch=compute_61,code=\"sm_61,compute_61\" -gencode=arch=compute_70,code=\"sm_70,compute_70\" -gencode=arch=compute_75,code=\"sm_75,compute_75\" -gencode=arch=compute_80,code=\"sm_80,compute_80\" -gencode=arch=compute_86,code=\"sm_86,compute_86\" -gencode=arch=compute_89,code=\"sm_89,compute_89\" -gencode=arch=compute_90,code=\"sm_90,compute_90\" --use-local-env -ccbin "C:\Program Files\Microsoft Visual Studio\2022\Community\VC\Tools\MSVC\14.37.32822\bin\HostX64\x64" -x cu   -I./ -I../../../Common -I./ -I"C:\Program Files\NVIDIA GPU Computing Toolkit\CUDA\v12.3\/include" -I../../../Common -I"C:\Program Files\NVIDIA GPU Computing Toolkit\CUDA\v12.3\include"  -G   --keep-dir x64\Debug  -maxrregcount=0   --machine 64 --compile -cudart static -Xcompiler "/wd 4819"  --threads 0 -g  -DWIN32 -DWIN32 -D_MBCS -D_MBCS -Xcompiler "/EHsc /W3 /nologo /Od /FS /Zi /RTC1 /MTd " -Xcompiler "/Fdx64/Debug/vc143.pdb" -o D:\git\cuda-samples\Samples\6_Performance\UnifiedMemoryPerf\x64\Debug\commonKernels.cu.obj "D:\git\cuda-samples\Samples\6_Performance\UnifiedMemoryPerf\commonKernels.cu" 
  commonKernels.cu
  
  D:\git\cuda-samples\Samples\6_Performance\UnifiedMemoryPerf>"C:\Program Files\NVIDIA GPU Computing Toolkit\CUDA\v12.3\bin\nvcc.exe" -gencode=arch=compute_50,code=\"sm_50,compute_50\" -gencode=arch=compute_52,code=\"sm_52,compute_52\" -gencode=arch=compute_60,code=\"sm_60,compute_60\" -gencode=arch=compute_61,code=\"sm_61,compute_61\" -gencode=arch=compute_70,code=\"sm_70,compute_70\" -gencode=arch=compute_75,code=\"sm_75,compute_75\" -gencode=arch=compute_80,code=\"sm_80,compute_80\" -gencode=arch=compute_86,code=\"sm_86,compute_86\" -gencode=arch=compute_89,code=\"sm_89,compute_89\" -gencode=arch=compute_90,code=\"sm_90,compute_90\" --use-local-env -ccbin "C:\Program Files\Microsoft Visual Studio\2022\Community\VC\Tools\MSVC\14.37.32822\bin\HostX64\x64" -x cu   -I./ -I../../../Common -I./ -I"C:\Program Files\NVIDIA GPU Computing Toolkit\CUDA\v12.3\/include" -I../../../Common -I"C:\Program Files\NVIDIA GPU Computing Toolkit\CUDA\v12.3\include"  -G   --keep-dir x64\Debug  -maxrregcount=0   --machine 64 --compile -cudart static -Xcompiler "/wd 4819"  --threads 0 -g  -DWIN32 -DWIN32 -D_MBCS -D_MBCS -Xcompiler "/EHsc /W3 /nologo /Od /FS /Zi /RTC1 /MTd " -Xcompiler "/Fdx64/Debug/vc143.pdb" -o D:\git\cuda-samples\Samples\6_Performance\UnifiedMemoryPerf\x64\Debug\matrixMultiplyPerf.cu.obj "D:\git\cuda-samples\Samples\6_Performance\UnifiedMemoryPerf\matrixMultiplyPerf.cu" 
  matrixMultiplyPerf.cu
  tmpxft_00006aa8_00000000-7_commonKernels.compute_90.cudafe1.cpp
  tmpxft_00007158_00000000-7_matrixMultiplyPerf.compute_90.cudafe1.cpp
D:\git\cuda-samples\Samples\6_Performance\UnifiedMemoryPerf\matrixMultiplyPerf.cu(564): warning C4267: “初始化”: 从“size_t”转换到“unsigned int”，可能丢失数据
  helperFunctions.cpp
C:\Program Files\NVIDIA GPU Computing Toolkit\CUDA\v12.3\include\cuda.h(21758,1): warning C4819: 该文件包含不能在当前代码页(936)中表示的字符。请将该文件保存为 Unicode 格式以防止数据丢失
D:\git\cuda-samples\Samples\6_Performance\UnifiedMemoryPerf\helperFunctions.cpp(89,3): warning C4996: 'strcpy': This function or variable may be unsafe. Consider using strcpy_s instead. To disable deprecation, use _CRT_SECURE_NO_WARNINGS. See online help for details.
D:\git\cuda-samples\Samples\6_Performance\UnifiedMemoryPerf\helperFunctions.cpp(85,16): warning C4101: “i”: 未引用的局部变量
D:\git\cuda-samples\Samples\6_Performance\UnifiedMemoryPerf\helperFunctions.cpp(113,3): warning C4996: 'strcpy': This function or variable may be unsafe. Consider using strcpy_s instead. To disable deprecation, use _CRT_SECURE_NO_WARNINGS. See online help for details.
D:\git\cuda-samples\Samples\6_Performance\UnifiedMemoryPerf\helperFunctions.cpp(258,8): warning C4101: “resultNameNoSpaces”: 未引用的局部变量
D:\git\cuda-samples\Samples\6_Performance\UnifiedMemoryPerf\helperFunctions.cpp(259,22): warning C4101: “k”: 未引用的局部变量
D:\git\cuda-samples\Samples\6_Performance\UnifiedMemoryPerf\helperFunctions.cpp(257,8): warning C4101: “vulcanPrint”: 未引用的局部变量
D:\git\cuda-samples\Samples\6_Performance\UnifiedMemoryPerf\helperFunctions.cpp(261,8): warning C4101: “sizeGreaterThan1MB”: 未引用的局部变量
    正在创建库 ../../../bin/win64/Debug/UnifiedMemoryPerf.lib 和对象 ../../../bin/win64/Debug/UnifiedMemoryPerf.exp
LINK : warning LNK4098: 默认库“LIBCMT”与其他库的使用冲突；请使用 /NODEFAULTLIB:library
  UnifiedMemoryPerf_vs2022.vcxproj -> D:\git\cuda-samples\bin\win64\Debug\UnifiedMemoryPerf.exe
